<?xml version="1.0" encoding="UTF-8"?>
<!-- Generated by org.testng.reporters.JUnitReportReporter -->
<testsuite hostname="NODE222" name="com.Testing" tests="1" failures="0" timestamp="2 Sep 2016 08:14:30 GMT" time="28.505" errors="0">
  <testcase name="testScenario1" time="28.505" classname="com.Testing"/>
</testsuite> <!-- com.Testing -->
