<?xml version="1.0" encoding="UTF-8"?>
<!-- Generated by org.testng.reporters.JUnitReportReporter -->
<testsuite hostname="NODE222" name="com.tests.RFTests" tests="1" failures="0" timestamp="2 Sep 2016 08:59:02 GMT" time="22.458" errors="0">
  <testcase name="testScenario1" time="22.458" classname="com.tests.RFTests"/>
</testsuite> <!-- com.tests.RFTests -->
